2021-02-05 10:04:38.7410|INFO|MemShop.API.Program|Initializing application ...
2021-02-05 10:05:02.2448|INFO|Microsoft.Hosting.Lifetime|Application started. Press Ctrl+C to shut down.
2021-02-05 10:05:02.2508|INFO|Microsoft.Hosting.Lifetime|Hosting environment: Development
2021-02-05 10:05:02.2508|INFO|Microsoft.Hosting.Lifetime|Content root path: C:\Tutos\C#\TDD\MemShop\MemShop.API
2021-02-05 10:07:15.7739|INFO|MemShop.API.Program|Initializing application ...
2021-02-05 10:07:33.5926|INFO|Microsoft.Hosting.Lifetime|Application started. Press Ctrl+C to shut down.
2021-02-05 10:07:33.5993|INFO|Microsoft.Hosting.Lifetime|Hosting environment: Development
2021-02-05 10:07:33.5993|INFO|Microsoft.Hosting.Lifetime|Content root path: C:\Tutos\C#\TDD\MemShop\MemShop.API
2021-02-05 10:07:40.4452|ERROR|Microsoft.EntityFrameworkCore.Database.Command|Failed executing DbCommand (4ms) [Parameters=[@p0='?' (DbType = Int32), @p1='?' (Size = 50), @p2='?' (Size = 4000), @p3='?' (Size = 50), @p4='?' (DbType = Double), @p5='?' (Size = 10)], CommandType='Text', CommandTimeout='30']
SET NOCOUNT ON;
INSERT INTO [Products] ([CategoryId], [Description], [Image], [Label], [Price], [Reference])
VALUES (@p0, @p1, @p2, @p3, @p4, @p5);
SELECT [Id]
FROM [Products]
WHERE @@ROWCOUNT = 1 AND [Id] = scope_identity();
2021-02-05 10:07:40.5762|ERROR|Microsoft.EntityFrameworkCore.Update|An exception occurred in the database while saving changes for context type 'MemShop.API.Contexts.CategoryInfoContext'.
Microsoft.EntityFrameworkCore.DbUpdateException: An error occurred while updating the entries. See the inner exception for details.
 ---> Microsoft.Data.SqlClient.SqlException (0x80131904): The INSERT statement conflicted with the FOREIGN KEY constraint "FK_Products_Categories_CategoryId". The conflict occurred in database "MemShop", table "dbo.Categories", column 'Id'.
The statement has been terminated.
   at Microsoft.Data.SqlClient.SqlConnection.OnError(SqlException exception, Boolean breakConnection, Action`1 wrapCloseInAction)
   at Microsoft.Data.SqlClient.SqlInternalConnection.OnError(SqlException exception, Boolean breakConnection, Action`1 wrapCloseInAction)
   at Microsoft.Data.SqlClient.TdsParser.ThrowExceptionAndWarning(TdsParserStateObject stateObj, Boolean callerHasConnectionLock, Boolean asyncClose)
   at Microsoft.Data.SqlClient.TdsParser.TryRun(RunBehavior runBehavior, SqlCommand cmdHandler, SqlDataReader dataStream, BulkCopySimpleResultSet bulkCopyHandler, TdsParserStateObject stateObj, Boolean& dataReady)
   at Microsoft.Data.SqlClient.SqlDataReader.TryConsumeMetaData()
   at Microsoft.Data.SqlClient.SqlDataReader.get_MetaData()
   at Microsoft.Data.SqlClient.SqlCommand.FinishExecuteReader(SqlDataReader ds, RunBehavior runBehavior, String resetOptionsString, Boolean isInternal, Boolean forDescribeParameterEncryption, Boolean shouldCacheForAlwaysEncrypted)
   at Microsoft.Data.SqlClient.SqlCommand.RunExecuteReaderTds(CommandBehavior cmdBehavior, RunBehavior runBehavior, Boolean returnStream, Boolean isAsync, Int32 timeout, Task& task, Boolean asyncWrite, Boolean inRetry, SqlDataReader ds, Boolean describeParameterEncryptionRequest)
   at Microsoft.Data.SqlClient.SqlCommand.RunExecuteReader(CommandBehavior cmdBehavior, RunBehavior runBehavior, Boolean returnStream, TaskCompletionSource`1 completion, Int32 timeout, Task& task, Boolean& usedCache, Boolean asyncWrite, Boolean inRetry, String method)
   at Microsoft.Data.SqlClient.SqlCommand.RunExecuteReader(CommandBehavior cmdBehavior, RunBehavior runBehavior, Boolean returnStream, String method)
   at Microsoft.Data.SqlClient.SqlCommand.ExecuteReader(CommandBehavior behavior)
   at Microsoft.Data.SqlClient.SqlCommand.ExecuteDbDataReader(CommandBehavior behavior)
   at System.Data.Common.DbCommand.ExecuteReader()
   at Microsoft.EntityFrameworkCore.Storage.RelationalCommand.ExecuteReader(RelationalCommandParameterObject parameterObject)
   at Microsoft.EntityFrameworkCore.Update.ReaderModificationCommandBatch.Execute(IRelationalConnection connection)
ClientConnectionId:a6b6106f-b545-4624-b133-1f13775a6c9e
Error Number:547,State:0,Class:16
   --- End of inner exception stack trace ---
   at Microsoft.EntityFrameworkCore.Update.ReaderModificationCommandBatch.Execute(IRelationalConnection connection)
   at Microsoft.EntityFrameworkCore.Update.Internal.BatchExecutor.Execute(IEnumerable`1 commandBatches, IRelationalConnection connection)
   at Microsoft.EntityFrameworkCore.Storage.RelationalDatabase.SaveChanges(IList`1 entries)
   at Microsoft.EntityFrameworkCore.ChangeTracking.Internal.StateManager.SaveChanges(IList`1 entriesToSave)
   at Microsoft.EntityFrameworkCore.ChangeTracking.Internal.StateManager.SaveChanges(DbContext _, Boolean acceptAllChangesOnSuccess)
   at Microsoft.EntityFrameworkCore.SqlServer.Storage.Internal.SqlServerExecutionStrategy.Execute[TState,TResult](TState state, Func`3 operation, Func`3 verifySucceeded)
   at Microsoft.EntityFrameworkCore.ChangeTracking.Internal.StateManager.SaveChanges(Boolean acceptAllChangesOnSuccess)
   at Microsoft.EntityFrameworkCore.DbContext.SaveChanges(Boolean acceptAllChangesOnSuccess)
2021-02-05 10:18:46.0924|INFO|MemShop.API.Program|Initializing application ...
2021-02-05 10:19:03.9456|INFO|Microsoft.Hosting.Lifetime|Application started. Press Ctrl+C to shut down.
2021-02-05 10:19:03.9456|INFO|Microsoft.Hosting.Lifetime|Hosting environment: Development
2021-02-05 10:19:03.9549|INFO|Microsoft.Hosting.Lifetime|Content root path: C:\Tutos\C#\TDD\MemShop\MemShop.API
2021-02-05 10:28:14.4954|INFO|MemShop.API.Program|Initializing application ...
2021-02-05 10:32:16.3925|INFO|MemShop.API.Program|Initializing application ...
2021-02-05 10:32:31.2196|INFO|Microsoft.Hosting.Lifetime|Application started. Press Ctrl+C to shut down.
2021-02-05 10:32:31.2196|INFO|Microsoft.Hosting.Lifetime|Hosting environment: Development
2021-02-05 10:32:31.2196|INFO|Microsoft.Hosting.Lifetime|Content root path: C:\Tutos\C#\TDD\MemShop\MemShop.API
2021-02-05 10:38:54.3500|INFO|MemShop.API.Program|Initializing application ...
2021-02-05 10:39:10.4669|INFO|Microsoft.Hosting.Lifetime|Application started. Press Ctrl+C to shut down.
2021-02-05 10:39:10.4796|INFO|Microsoft.Hosting.Lifetime|Hosting environment: Development
2021-02-05 10:39:10.4966|INFO|Microsoft.Hosting.Lifetime|Content root path: C:\Tutos\C#\TDD\MemShop\MemShop.API
2021-02-05 11:17:26.6421|INFO|MemShop.API.Program|Initializing application ...
2021-02-05 11:17:41.4612|INFO|Microsoft.Hosting.Lifetime|Application started. Press Ctrl+C to shut down.
2021-02-05 11:17:41.4684|INFO|Microsoft.Hosting.Lifetime|Hosting environment: Development
2021-02-05 11:17:41.4684|INFO|Microsoft.Hosting.Lifetime|Content root path: C:\Tutos\C#\TDD\MemShop\MemShop.API
2021-02-05 11:18:39.9505|INFO|MemShop.API.Program|Initializing application ...
2021-02-05 11:18:54.4559|INFO|Microsoft.Hosting.Lifetime|Application started. Press Ctrl+C to shut down.
2021-02-05 11:18:54.4775|INFO|Microsoft.Hosting.Lifetime|Hosting environment: Development
2021-02-05 11:18:54.4852|INFO|Microsoft.Hosting.Lifetime|Content root path: C:\Tutos\C#\TDD\MemShop\MemShop.API
